Timestamp	Filename	Error	Message
2023-02-10 11:23:31.803 +0800	PESANAN BARANG.fmp12	0	Import operations started
2023-02-10 11:23:31.809 +0800	PESANAN BARANG.fmp12	0	Import of tables from clipboard started
2023-02-10 11:23:31.813 +0800	PESANAN BARANG.fmp12	0	Table “HUTANG” imported as “HUTANG 2” since a table or table occurrence named “HUTANG” already exists.
2023-02-10 11:23:31.840 +0800	HUTANG 2	0	fields imported : 25
2023-02-10 11:23:31.844 +0800	PESANAN BARANG.fmp12	0	tables imported : 1
2023-02-10 11:23:31.846 +0800	PESANAN BARANG.fmp12	0	Import completed
2023-02-10 11:24:04.460 +0800	PESANAN BARANG.fmp12	0	Import of tables from clipboard started
2023-02-10 11:24:04.464 +0800	PESANAN BARANG.fmp12	0	Table “HUTANG” imported as “HUTANG 3” since a table or table occurrence named “HUTANG” already exists.
2023-02-10 11:24:04.498 +0800	HUTANG 3	0	fields imported : 25
2023-02-10 11:24:04.499 +0800	PESANAN BARANG.fmp12	0	tables imported : 1
2023-02-10 11:24:04.500 +0800	PESANAN BARANG.fmp12	0	Import completed
2023-02-10 11:25:09.067 +0800	PESANAN BARANG.fmp12	0	Import operations committed
2023-02-10 11:25:09.068 +0800	PESANAN BARANG.fmp12	0	==================================================================
2023-02-10 11:26:24.210 +0800	PESANAN BARANG.fmp12	0	Import operations started
2023-02-10 11:26:24.229 +0800	PESANAN BARANG.fmp12	0	Import of tables from clipboard started
2023-02-10 11:26:24.232 +0800	PESANAN BARANG.fmp12	0	Table “HUTANG” imported as “HUTANG 2” since a table or table occurrence named “HUTANG” already exists.
2023-02-10 11:26:24.260 +0800	HUTANG 2	0	fields imported : 25
2023-02-10 11:26:24.261 +0800	PESANAN BARANG.fmp12	0	tables imported : 1
2023-02-10 11:26:24.262 +0800	PESANAN BARANG.fmp12	0	Import completed
2023-02-10 11:26:43.669 +0800	PESANAN BARANG.fmp12	0	Import operations committed
2023-02-10 11:26:43.682 +0800	PESANAN BARANG.fmp12	0	==================================================================
2023-02-10 11:39:35.068 +0800	PESANAN BARANG.fmp12	0	Import operations started
2023-02-10 11:39:35.076 +0800	PESANAN BARANG.fmp12	0	Import of tables from clipboard started
2023-02-10 11:39:35.078 +0800	PESANAN BARANG.fmp12	0	Table “SURAT JALAN” imported as “SURAT JALAN 2” since a table or table occurrence named “SURAT JALAN” already exists.
2023-02-10 11:39:35.080 +0800	SURAT JALAN 2	0	fields imported : 8
2023-02-10 11:39:35.080 +0800	PESANAN BARANG.fmp12	0	tables imported : 1
2023-02-10 11:39:35.087 +0800	PESANAN BARANG.fmp12	0	Import completed
2023-02-10 11:39:47.842 +0800	PESANAN BARANG.fmp12	0	Import operations committed
2023-02-10 11:39:47.855 +0800	PESANAN BARANG.fmp12	0	==================================================================
2023-02-10 11:41:23.217 +0800	PESANAN BARANG.fmp12	0	Import operations started
2023-02-10 11:41:23.232 +0800	PESANAN BARANG.fmp12	0	Import of tables from clipboard started
2023-02-10 11:41:23.234 +0800	PESANAN BARANG.fmp12	0	Table “SURAT PENERIMAAN BARANG” imported as “SURAT PENERIMAAN BARANG 2” since a table or table occurrence named “SURAT PENERIMAAN BARANG” already exists.
2023-02-10 11:41:23.236 +0800	SURAT PENERIMAAN BARANG 2	0	fields imported : 8
2023-02-10 11:41:23.242 +0800	PESANAN BARANG.fmp12	0	tables imported : 1
2023-02-10 11:41:23.243 +0800	PESANAN BARANG.fmp12	0	Import completed
2023-02-10 11:41:42.072 +0800	PESANAN BARANG.fmp12	0	Import operations committed
2023-02-10 11:41:42.085 +0800	PESANAN BARANG.fmp12	0	==================================================================
2023-02-10 11:42:02.223 +0800	PESANAN BARANG.fmp12	0	Import operations started
2023-02-10 11:42:02.244 +0800	PESANAN BARANG.fmp12	0	Import of tables from clipboard started
2023-02-10 11:42:02.247 +0800	PESANAN BARANG.fmp12	0	Table “MUTASI TERIMA” imported as “MUTASI TERIMA 2” since a table or table occurrence named “MUTASI TERIMA” already exists.
2023-02-10 11:42:02.266 +0800	MUTASI TERIMA 2	0	fields imported : 8
2023-02-10 11:42:02.267 +0800	PESANAN BARANG.fmp12	0	tables imported : 1
2023-02-10 11:42:02.268 +0800	PESANAN BARANG.fmp12	0	Import completed
2023-02-10 11:42:16.962 +0800	PESANAN BARANG.fmp12	0	Import operations committed
2023-02-10 11:42:16.975 +0800	PESANAN BARANG.fmp12	0	==================================================================
2023-02-10 11:43:01.677 +0800	PESANAN BARANG.fmp12	0	Import operations started
2023-02-10 11:43:01.699 +0800	PESANAN BARANG.fmp12	0	Import of tables from clipboard started
2023-02-10 11:43:01.703 +0800	PESANAN BARANG.fmp12	0	Table “MUTASI KELUAR” imported as “MUTASI KELUAR 2” since a table or table occurrence named “MUTASI KELUAR” already exists.
2023-02-10 11:43:01.719 +0800	MUTASI KELUAR 2	0	fields imported : 8
2023-02-10 11:43:01.721 +0800	PESANAN BARANG.fmp12	0	tables imported : 1
2023-02-10 11:43:01.722 +0800	PESANAN BARANG.fmp12	0	Import completed
2023-02-10 11:43:29.761 +0800	PESANAN BARANG.fmp12	0	Import operations committed
2023-02-10 11:43:29.774 +0800	PESANAN BARANG.fmp12	0	==================================================================
2023-02-10 11:43:37.323 +0800	PESANAN BARANG.fmp12	0	Import operations started
2023-02-10 11:43:37.339 +0800	PESANAN BARANG.fmp12	0	Import of tables from clipboard started
2023-02-10 11:43:37.341 +0800	PESANAN BARANG.fmp12	0	Table “MUTASI KELUAR” imported as “MUTASI KELUAR 2” since a table or table occurrence named “MUTASI KELUAR” already exists.
2023-02-10 11:43:37.345 +0800	MUTASI KELUAR 2	0	fields imported : 8
2023-02-10 11:43:37.349 +0800	PESANAN BARANG.fmp12	0	tables imported : 1
2023-02-10 11:43:37.350 +0800	PESANAN BARANG.fmp12	0	Import completed
2023-02-10 11:43:52.044 +0800	PESANAN BARANG.fmp12	0	Import operations committed
2023-02-10 11:43:52.057 +0800	PESANAN BARANG.fmp12	0	==================================================================
2023-02-10 11:44:30.205 +0800	PESANAN BARANG.fmp12	0	Import operations started
2023-02-10 11:44:30.227 +0800	PESANAN BARANG.fmp12	0	Import of tables from clipboard started
2023-02-10 11:44:30.230 +0800	PESANAN BARANG.fmp12	0	Table “NOTA PENGELUARAN BARANG” imported as “NOTA PENGELUARAN BARANG 2” since a table or table occurrence named “NOTA PENGELUARAN BARANG” already exists.
2023-02-10 11:44:30.247 +0800	NOTA PENGELUARAN BARANG 2	0	fields imported : 8
2023-02-10 11:44:30.248 +0800	PESANAN BARANG.fmp12	0	tables imported : 1
2023-02-10 11:44:30.249 +0800	PESANAN BARANG.fmp12	0	Import completed
2023-02-10 11:44:59.880 +0800	PESANAN BARANG.fmp12	0	Import of tables from clipboard started
2023-02-10 11:44:59.897 +0800	PESANAN BARANG.fmp12	0	Table “NOTA PENGELUARAN BARANG” imported as “NOTA PENGELUARAN BARANG 2” since a table or table occurrence named “NOTA PENGELUARAN BARANG” already exists.
2023-02-10 11:44:59.915 +0800	NOTA PENGELUARAN BARANG 2	0	fields imported : 8
2023-02-10 11:44:59.916 +0800	PESANAN BARANG.fmp12	0	tables imported : 1
2023-02-10 11:44:59.917 +0800	PESANAN BARANG.fmp12	0	Import completed
2023-02-10 11:45:17.074 +0800	PESANAN BARANG.fmp12	0	Import operations committed
2023-02-10 11:45:17.088 +0800	PESANAN BARANG.fmp12	0	==================================================================
2023-03-01 12:04:49.762 +0800	GL.fmp12	0	Import of script steps from clipboard started
2023-03-01 12:04:49.777 +0800	ValidasiCOA	0	script steps imported : 1
2023-03-01 12:04:49.777 +0800	GL.fmp12	0	Import completed
2023-03-01 12:05:03.809 +0800	GL.fmp12	0	Import of script steps from clipboard started
2023-03-01 12:05:03.809 +0800	ValidasiCOA	0	script steps imported : 1
2023-03-01 12:05:03.809 +0800	GL.fmp12	0	Import completed
2023-03-01 13:07:16.499 +0800	GL.fmp12	0	Import of script steps from clipboard started
2023-03-01 13:07:16.499 +0800	ValidasiCOA	0	script steps imported : 1
2023-03-01 13:07:16.499 +0800	GL.fmp12	0	Import completed
2023-03-01 13:43:06.415 +0800	GL.fmp12	0	Import of script steps from clipboard started
2023-03-01 13:43:06.423 +0800	ValidasiCOA	0	script steps imported : 3
2023-03-01 13:43:06.423 +0800	GL.fmp12	0	Import completed
2023-03-01 13:49:41.503 +0800	GL.fmp12	0	Import of script steps from clipboard started
2023-03-01 13:49:41.533 +0800	ValidasiCOA	0	script steps imported : 24
2023-03-01 13:49:41.535 +0800	GL.fmp12	0	Import completed
2023-03-01 14:11:56.177 +0800	GL.fmp12	0	Import of script steps from clipboard started
2023-03-01 14:11:56.185 +0800	InputCOA	0	script steps imported : 1
2023-03-01 14:11:56.186 +0800	GL.fmp12	0	Import completed
2023-03-01 15:35:04.809 +0800	GL.fmp12	0	Import of script steps from clipboard started
2023-03-01 15:35:04.818 +0800	Validasi	0	script steps imported : 2
2023-03-01 15:35:04.820 +0800	GL.fmp12	0	Import completed
2023-03-01 15:51:37.635 +0800	GL.fmp12	0	Import of script steps from clipboard started
2023-03-01 15:51:37.649 +0800	Validasi	0	script steps imported : 8
2023-03-01 15:51:37.651 +0800	GL.fmp12	0	Import completed
2023-03-01 15:52:24.378 +0800	GL.fmp12	0	Import of script steps from clipboard started
2023-03-01 15:52:24.382 +0800	Validasi	3702	Unknown Error: <unknown>.
2023-03-01 15:52:24.385 +0800	Validasi	0	script steps imported : 12
2023-03-01 15:52:24.386 +0800	GL.fmp12	0	Import completed
2023-03-01 15:57:09.045 +0800	GL.fmp12	0	Import of script steps from clipboard started
2023-03-01 15:57:09.059 +0800	Validasi	0	script steps imported : 1
2023-03-01 15:57:09.061 +0800	GL.fmp12	0	Import completed
2023-03-01 16:08:46.579 +0800	GL.fmp12	0	Import of script steps from clipboard started
2023-03-01 16:08:46.582 +0800	Validasi	0	script steps imported : 12
2023-03-01 16:08:46.584 +0800	GL.fmp12	0	Import completed
2023-03-01 16:19:08.489 +0800	GL.fmp12	0	Import of script steps from clipboard started
2023-03-01 16:19:08.505 +0800	Validasi	0	script steps imported : 3
2023-03-01 16:19:08.505 +0800	GL.fmp12	0	Import completed
2023-03-01 16:31:11.865 +0800	GL.fmp12	0	Import of script steps from clipboard started
2023-03-01 16:31:11.911 +0800	Validasi	0	script steps imported : 27
2023-03-01 16:31:11.911 +0800	GL.fmp12	0	Import completed
2023-03-01 16:31:43.705 +0800	GL.fmp12	0	Import of script steps from clipboard started
2023-03-01 16:31:43.722 +0800	Validasi	0	script steps imported : 12
2023-03-01 16:31:43.722 +0800	GL.fmp12	0	Import completed
2023-03-01 16:39:50.205 +0800	GL.fmp12	0	Import of script steps from clipboard started
2023-03-01 16:39:50.221 +0800	Validasi	0	script steps imported : 39
2023-03-01 16:39:50.221 +0800	GL.fmp12	0	Import completed
2023-03-01 16:40:50.940 +0800	GL.fmp12	0	Import of script steps from clipboard started
2023-03-01 16:40:50.940 +0800	Validasi	0	script steps imported : 12
2023-03-01 16:40:50.940 +0800	GL.fmp12	0	Import completed
2023-03-01 16:48:41.395 +0800	GL.fmp12	0	Import of script steps from clipboard started
2023-03-01 16:48:41.395 +0800	Validasi	0	script steps imported : 2
2023-03-01 16:48:41.395 +0800	GL.fmp12	0	Import completed
2023-03-01 16:49:15.919 +0800	GL.fmp12	0	Import of script steps from clipboard started
2023-03-01 16:49:15.935 +0800	Validasi	0	script steps imported : 2
2023-03-01 16:49:15.935 +0800	GL.fmp12	0	Import completed
2023-03-01 16:49:23.152 +0800	GL.fmp12	0	Import of script steps from clipboard started
2023-03-01 16:49:23.167 +0800	Validasi	0	script steps imported : 2
2023-03-01 16:49:23.167 +0800	GL.fmp12	0	Import completed
2023-03-01 16:49:28.729 +0800	GL.fmp12	0	Import of script steps from clipboard started
2023-03-01 16:49:28.729 +0800	Validasi	0	script steps imported : 2
2023-03-01 16:49:28.729 +0800	GL.fmp12	0	Import completed
2023-03-01 16:49:34.306 +0800	GL.fmp12	0	Import of script steps from clipboard started
2023-03-01 16:49:34.322 +0800	Validasi	0	script steps imported : 2
2023-03-01 16:49:34.322 +0800	GL.fmp12	0	Import completed
2023-03-01 16:57:29.776 +0800	GL.fmp12	0	Import of script steps from clipboard started
2023-03-01 16:57:29.792 +0800	Validasi fix	0	script steps imported : 4
2023-03-01 16:57:29.792 +0800	GL.fmp12	0	Import completed
2023-03-01 16:58:03.690 +0800	GL.fmp12	0	Import of script steps from clipboard started
2023-03-01 16:58:03.705 +0800	Validasi fix	0	script steps imported : 4
2023-03-01 16:58:03.705 +0800	GL.fmp12	0	Import completed
2023-03-01 16:58:28.787 +0800	GL.fmp12	0	Import of script steps from clipboard started
2023-03-01 16:58:28.787 +0800	Validasi fix	0	script steps imported : 4
2023-03-01 16:58:28.787 +0800	GL.fmp12	0	Import completed
2023-03-01 16:59:36.913 +0800	GL.fmp12	0	Import of script steps from clipboard started
2023-03-01 16:59:36.913 +0800	Validasi fix	0	script steps imported : 1
2023-03-01 16:59:36.913 +0800	GL.fmp12	0	Import completed
2023-03-01 16:59:44.626 +0800	GL.fmp12	0	Import of script steps from clipboard started
2023-03-01 16:59:44.658 +0800	Validasi fix	0	script steps imported : 1
2023-03-01 16:59:44.658 +0800	GL.fmp12	0	Import completed
2023-03-02 09:31:00.220 +0800	GL.fmp12	0	Import of script steps from clipboard started
2023-03-02 09:31:00.233 +0800	InputCOA	0	script steps imported : 4
2023-03-02 09:31:00.234 +0800	GL.fmp12	0	Import completed
2023-03-02 09:31:06.204 +0800	GL.fmp12	0	Import of script steps from clipboard started
2023-03-02 09:31:06.209 +0800	InputCOA	0	script steps imported : 4
2023-03-02 09:31:06.210 +0800	GL.fmp12	0	Import completed
2023-03-02 09:31:10.548 +0800	GL.fmp12	0	Import of script steps from clipboard started
2023-03-02 09:31:10.563 +0800	InputCOA	0	script steps imported : 4
2023-03-02 09:31:10.566 +0800	GL.fmp12	0	Import completed
2023-03-02 09:33:15.277 +0800	GL.fmp12	0	Import of script steps from clipboard started
2023-03-02 09:33:15.293 +0800	Validasi fix	0	script steps imported : 4
2023-03-02 09:33:15.294 +0800	GL.fmp12	0	Import completed
2023-03-02 09:33:45.919 +0800	GL.fmp12	0	Import of script steps from clipboard started
2023-03-02 09:33:45.934 +0800	Validasi fix	0	script steps imported : 4
2023-03-02 09:33:45.936 +0800	GL.fmp12	0	Import completed
2023-03-02 09:34:17.046 +0800	GL.fmp12	0	Import of script steps from clipboard started
2023-03-02 09:34:17.053 +0800	Validasi fix	0	script steps imported : 4
2023-03-02 09:34:17.054 +0800	GL.fmp12	0	Import completed
2023-03-02 09:34:22.210 +0800	GL.fmp12	0	Import of script steps from clipboard started
2023-03-02 09:34:22.225 +0800	Validasi fix	0	script steps imported : 4
2023-03-02 09:34:22.227 +0800	GL.fmp12	0	Import completed
2023-03-02 09:41:43.322 +0800	GL.fmp12	0	Import of script steps from clipboard started
2023-03-02 09:41:43.336 +0800	Validasi fix	0	script steps imported : 1
2023-03-02 09:41:43.338 +0800	GL.fmp12	0	Import completed
2023-03-02 10:01:49.816 +0800	GL.fmp12	0	Import of script steps from clipboard started
2023-03-02 10:01:49.832 +0800	InputCOA	0	script steps imported : 3
2023-03-02 10:01:49.835 +0800	GL.fmp12	0	Import completed
2023-03-02 10:05:46.693 +0800	GL.fmp12	0	Import of script steps from clipboard started
2023-03-02 10:05:46.711 +0800	InputCOA	0	script steps imported : 10
2023-03-02 10:05:46.714 +0800	GL.fmp12	0	Import completed
2023-03-02 10:13:56.713 +0800	GL.fmp12	0	Import of script steps from clipboard started
2023-03-02 10:13:56.727 +0800	Validasi fix	0	script steps imported : 2
2023-03-02 10:13:56.728 +0800	GL.fmp12	0	Import completed
2023-03-02 10:14:20.892 +0800	GL.fmp12	0	Import of script steps from clipboard started
2023-03-02 10:14:20.909 +0800	Validasi fix	0	script steps imported : 2
2023-03-02 10:14:20.910 +0800	GL.fmp12	0	Import completed
2023-03-02 10:39:07.235 +0800	GL.fmp12	0	Import of script steps from clipboard started
2023-03-02 10:39:07.250 +0800	Validasi fix	0	script steps imported : 1
2023-03-02 10:39:07.252 +0800	GL.fmp12	0	Import completed
2023-03-02 10:39:23.201 +0800	GL.fmp12	0	Import of script steps from clipboard started
2023-03-02 10:39:23.208 +0800	Validasi fix	0	script steps imported : 1
2023-03-02 10:39:23.209 +0800	GL.fmp12	0	Import completed
2023-03-02 10:45:56.558 +0800	GL.fmp12	0	Import of script steps from clipboard started
2023-03-02 10:45:56.573 +0800	InputCOA	0	script steps imported : 9
2023-03-02 10:45:56.576 +0800	GL.fmp12	0	Import completed
2023-03-02 10:55:59.961 +0800	GL.fmp12	0	Import of script steps from clipboard started
2023-03-02 10:55:59.976 +0800	InputCOA	0	script steps imported : 9
2023-03-02 10:55:59.980 +0800	GL.fmp12	0	Import completed
2023-03-02 11:03:24.055 +0800	GL.fmp12	0	Import of script steps from clipboard started
2023-03-02 11:03:24.071 +0800	InputCOA	3702	Unknown Error: <unknown>.
2023-03-02 11:03:24.073 +0800	InputCOA	0	script steps imported : 9
2023-03-02 11:03:24.074 +0800	GL.fmp12	0	Import completed
2023-03-02 11:03:28.438 +0800	GL.fmp12	0	Import of script steps from clipboard started
2023-03-02 11:03:28.454 +0800	InputCOA	3702	Unknown Error: <unknown>.
2023-03-02 11:03:28.457 +0800	InputCOA	0	script steps imported : 9
2023-03-02 11:03:28.459 +0800	GL.fmp12	0	Import completed
2023-03-02 11:03:54.236 +0800	GL.fmp12	0	Import of script steps from clipboard started
2023-03-02 11:03:54.251 +0800	InputCOA	0	script steps imported : 9
2023-03-02 11:03:54.255 +0800	GL.fmp12	0	Import completed
2023-03-02 11:06:28.589 +0800	GL.fmp12	0	Import of script steps from clipboard started
2023-03-02 11:06:28.604 +0800	InputCOA	0	script steps imported : 2
2023-03-02 11:06:28.606 +0800	GL.fmp12	0	Import completed
2023-03-02 11:14:54.714 +0800	GL.fmp12	0	Import of script steps from clipboard started
2023-03-02 11:14:54.729 +0800	InputCOA	0	script steps imported : 1
2023-03-02 11:14:54.730 +0800	GL.fmp12	0	Import completed
2023-03-02 11:15:08.430 +0800	GL.fmp12	0	Import of script steps from clipboard started
2023-03-02 11:15:08.444 +0800	InputCOA	0	script steps imported : 1
2023-03-02 11:15:08.444 +0800	GL.fmp12	0	Import completed
2023-03-02 11:16:16.727 +0800	GL.fmp12	0	Import of script steps from clipboard started
2023-03-02 11:16:16.758 +0800	ValidasiCOA	0	script steps imported : 103
2023-03-02 11:16:16.763 +0800	GL.fmp12	0	Import completed
2023-03-02 11:17:58.395 +0800	GL.fmp12	0	Import of script steps from clipboard started
2023-03-02 11:17:58.412 +0800	InputCOA	3702	Unknown Error: <unknown>.
2023-03-02 11:17:58.416 +0800	InputCOA	0	script steps imported : 9
2023-03-02 11:17:58.417 +0800	GL.fmp12	0	Import completed
2023-03-02 11:18:18.928 +0800	GL.fmp12	0	Import of script steps from clipboard started
2023-03-02 11:18:18.935 +0800	InputCOA	0	script steps imported : 8
2023-03-02 11:18:18.937 +0800	GL.fmp12	0	Import completed
2023-03-02 11:20:40.820 +0800	GL.fmp12	0	Import of script steps from clipboard started
2023-03-02 11:20:40.835 +0800	InputCOA	0	script steps imported : 8
2023-03-02 11:20:40.836 +0800	GL.fmp12	0	Import completed
2023-03-02 11:22:51.214 +0800	GL.fmp12	0	Import of script steps from clipboard started
2023-03-02 11:22:51.229 +0800	InputCOA	0	script steps imported : 8
2023-03-02 11:22:51.231 +0800	GL.fmp12	0	Import completed
2023-03-02 11:29:40.145 +0800	GL.fmp12	0	Import of script steps from clipboard started
2023-03-02 11:29:40.159 +0800	InputCOA	0	script steps imported : 1
2023-03-02 11:29:40.160 +0800	GL.fmp12	0	Import completed
2023-03-02 11:30:00.581 +0800	GL.fmp12	0	Import of script steps from clipboard started
2023-03-02 11:30:00.597 +0800	InputCOA	0	script steps imported : 1
2023-03-02 11:30:00.598 +0800	GL.fmp12	0	Import completed
2023-03-02 11:30:15.053 +0800	GL.fmp12	0	Import of script steps from clipboard started
2023-03-02 11:30:15.068 +0800	InputCOA	0	script steps imported : 1
2023-03-02 11:30:15.070 +0800	GL.fmp12	0	Import completed
2023-03-02 12:46:33.506 +0800	GL.fmp12	0	Import of script steps from clipboard started
2023-03-02 12:46:33.522 +0800	Validasi fix	0	script steps imported : 1
2023-03-02 12:46:33.522 +0800	GL.fmp12	0	Import completed
2023-03-02 12:46:45.742 +0800	GL.fmp12	0	Import of script steps from clipboard started
2023-03-02 12:46:45.758 +0800	Validasi fix	0	script steps imported : 1
2023-03-02 12:46:45.758 +0800	GL.fmp12	0	Import completed
2023-03-02 12:47:12.611 +0800	GL.fmp12	0	Import of script steps from clipboard started
2023-03-02 12:47:12.627 +0800	Validasi fix	0	script steps imported : 1
2023-03-02 12:47:12.627 +0800	GL.fmp12	0	Import completed
2023-03-02 12:47:40.697 +0800	GL.fmp12	0	Import of script steps from clipboard started
2023-03-02 12:47:40.713 +0800	Validasi fix	0	script steps imported : 1
2023-03-02 12:47:40.713 +0800	GL.fmp12	0	Import completed
2023-03-02 12:48:04.705 +0800	GL.fmp12	0	Import of script steps from clipboard started
2023-03-02 12:48:04.721 +0800	Validasi fix	0	script steps imported : 1
2023-03-02 12:48:04.721 +0800	GL.fmp12	0	Import completed
2023-03-02 12:48:12.719 +0800	GL.fmp12	0	Import of script steps from clipboard started
2023-03-02 12:48:12.735 +0800	Validasi fix	0	script steps imported : 1
2023-03-02 12:48:12.735 +0800	GL.fmp12	0	Import completed
